<?xml version="1.0" encoding="UTF-8"?>
<!-- Generated by org.testng.reporters.JUnitReportReporter -->
<testsuite skipped="0" hostname="DESKTOP-UA48023" name="shoeStore.com.shoe.BrandSearchTest" tests="1" failures="0" timestamp="27 Jul 2022 04:02:31 GMT" time="7.078" errors="0">
  <testcase name="search" time="7.078" classname="shoeStore.com.shoe.BrandSearchTest"/>
</testsuite> <!-- shoeStore.com.shoe.BrandSearchTest -->
